build/app/outputs/mapping/release/mapping.txt
# compiler: R8
# compiler_version: 1.5.64
# min_api: 23
# pg_map_id: e61fd10
...
com.google.android.gms.internal.measurement.zzch -> b.b.a.a.e.i.m1:
    int[] zza -> a
com.google.android.gms.internal.measurement.zzci$zza -> b.b.a.a.e.i.n1:
    java.lang.Object zza(int,java.lang.Object,java.lang.Object) -> a
    com.google.android.gms.internal.measurement.zzci$zza zza() -> o
com.google.android.gms.internal.measurement.zzci$zza$zza -> b.b.a.a.e.i.n1$a:
com.google.android.gms.internal.measurement.zzci$zzb -> b.b.a.a.e.i.o1:
    java.lang.Object zza(int,java.lang.Object,java.lang.Object) -> a
    com.google.android.gms.internal.measurement.zzci$zzb zza() -> o
com.google.android.gms.internal.measurement.zzci$zzb$zza -> b.b.a.a.e.i.o1$a:
com.google.android.gms.internal.measurement.zzci$zzb$zzb -> b.b.a.a.e.i.o1$b:
    com.google.android.gms.internal.measurement.zzci$zzb$zzb[] zzk -> j
    com.google.android.gms.internal.measurement.zzci$zzb$zzb zzb -> c
    com.google.android.gms.internal.measurement.zzci$zzb$zzb zza -> b
    com.google.android.gms.internal.measurement.zzci$zzb$zzb zzd -> e
    com.google.android.gms.internal.measurement.zzci$zzb$zzb zzc -> d
    com.google.android.gms.internal.measurement.zzci$zzb$zzb zzf -> g
    com.google.android.gms.internal.measurement.zzci$zzb$zzb zze -> f
    com.google.android.gms.internal.measurement.zzci$zzb$zzb zzh -> i
    com.google.android.gms.internal.measurement.zzci$zzb$zzb zzg -> h
    int zzj -> a
    com.google.android.gms.internal.measurement.zzci$zzb$zzb zza(int) -> a
    com.google.android.gms.internal.measurement.zzic zzb() -> g
com.google.android.gms.internal.measurement.zzcj -> b.b.a.a.e.i.p1:
com.google.android.gms.internal.measurement.zzck -> b.b.a.a.e.i.q1:
    java.util.HashMap zzj -> j
    java.util.HashMap zzi -> i
    java.lang.Object zzk -> k
    java.util.HashMap zzh -> h
    java.util.HashMap zzg -> g
    boolean zzl -> l
    java.util.HashMap zzf -> f
    android.net.Uri zzd -> b
    android.net.Uri zza -> a
    java.lang.String[] zzm -> m
    java.util.regex.Pattern zzb -> c
    java.util.concurrent.atomic.AtomicBoolean zze -> e
    java.util.regex.Pattern zzc -> d
    java.lang.String zza(android.content.ContentResolver,java.lang.String,java.lang.String) -> a
    java.util.Map zza(android.content.ContentResolver,java.lang.String[]) -> a
    java.util.concurrent.atomic.AtomicBoolean zza() -> a
    void zza(java.lang.Object,java.lang.String,java.lang.String) -> a
com.google.android.gms.internal.measurement.zzcl -> b.b.a.a.e.i.r1:
    com.google.android.gms.internal.measurement.zzic zza -> a
    boolean zza(int) -> a
com.google.android.gms.internal.measurement.zzcm -> b.b.a.a.e.i.s1:
    boolean zzb -> b
    android.os.UserManager zza -> a
    boolean zza() -> a
    boolean zza(android.content.Context) -> a
    boolean zzb(android.content.Context) -> b
    boolean zzc(android.content.Context) -> c
com.google.android.gms.internal.measurement.zzcn -> b.b.a.a.e.i.t1:
com.google.android.gms.internal.measurement.zzco -> b.b.a.a.e.i.u1:
    android.content.ContentResolver zzb -> a
    java.util.List zzg -> f
    java.lang.String[] zzh -> h
    java.lang.Object zze -> d
    android.database.ContentObserver zzd -> c
    java.util.Map zzf -> e
    java.util.Map zza -> g
    android.net.Uri zzc -> b
    com.google.android.gms.internal.measurement.zzco zza(android.content.ContentResolver,android.net.Uri) -> a
    java.lang.Object zza(java.lang.String) -> a
    java.util.Map zza() -> a
    void zzb() -> b
    java.util.Map zzd() -> c
    void zzc() -> d
    java.util.Map zze() -> e
com.google.android.gms.internal.measurement.zzcp -> b.b.a.a.e.i.v1:
    android.content.Context zza -> a
    com.google.android.gms.internal.measurement.zzeb zzb -> b
    android.content.Context zza() -> a
    com.google.android.gms.internal.measurement.zzeb zzb() -> b
com.google.android.gms.internal.measurement.zzcq -> b.b.a.a.e.i.w1:
    com.google.android.gms.internal.measurement.zzco zza -> a